<?xml version="1.0" encoding="UTF-8"?>
<!-- Generated by org.testng.reporters.JUnitXMLReporter -->
<testsuite ignored="0" hostname="LAPTOP-1481H1EU" failures="1" tests="4" name="Test" time="41.865" errors="0" timestamp="2023-01-13T11:05:45 IST">
  <testcase classname="SeleniumFramework.LandingDemo" name="Submitpurchase" time="3.987"/>
  <testcase classname="SeleniumFramework.LandingDemo" name="Submitpurchase" time="3.608"/>
  <testcase classname="SeleniumFramework.LandingDemo" name="Ordersubmit" time="0.758"/>
  <testcase classname="SeleniumFramework.ErrorValidation" name="loginErrorValidation" time="0.406">
    <failure type="junit.framework.ComparisonFailure" message="expected:&amp;lt;Incorrect email [/] password.&amp;gt; but was:&amp;lt;Incorrect email [or] password.&amp;gt;">
      <![CDATA[junit.framework.ComparisonFailure: expected:<Incorrect email [/] password.> but was:<Incorrect email [or] password.>
at junit.framework.Assert.assertEquals(Assert.java:100)
at junit.framework.Assert.assertEquals(Assert.java:107)
at SeleniumFramework.ErrorValidation.loginErrorValidation(ErrorValidation.java:15)
at java.base/java.util.ArrayList.forEach(ArrayList.java:1511)
... Removed 27 stack frames]]>
    </failure>
  </testcase> <!-- loginErrorValidation -->
</testsuite> <!-- Test -->
