<?xml version="1.0" encoding="UTF-8"?>
<!-- Generated by org.testng.reporters.JUnitXMLReporter -->
<testsuite ignored="0" hostname="LAPTOP-1481H1EU" failures="0" tests="3" name="Test" time="23.643" errors="0" timestamp="2023-01-12T19:28:37 IST">
  <testcase classname="SeleniumFramework.LandingDemo" name="Submitpurchase" time="3.509"/>
  <testcase classname="SeleniumFramework.LandingDemo" name="Submitpurchase" time="3.664"/>
  <testcase classname="SeleniumFramework.LandingDemo" name="Ordersubmit" time="0.57"/>
</testsuite> <!-- Test -->
