<?xml version="1.0" encoding="UTF-8"?>
<testng-results ignored="0" total="3" passed="3" failed="0" skipped="0">
  <reporter-output>
  </reporter-output>
  <suite started-at="2023-01-12T19:28:14 IST" name="Suite" finished-at="2023-01-12T19:28:37 IST" duration-ms="23643">
    <groups>
      <group name="purchase">
        <method signature="LandingDemo.Submitpurchase(java.util.HashMap)[pri:0, instance:SeleniumFramework.LandingDemo@193f604a]" name="Submitpurchase" class="SeleniumFramework.LandingDemo"/>
      </group> <!-- purchase -->
    </groups>
    <test started-at="2023-01-12T19:28:14 IST" name="Test" finished-at="2023-01-12T19:28:37 IST" duration-ms="23643">
      <class name="SeleniumFramework.LandingDemo">
        <test-method is-config="true" signature="launchapplication()[pri:0, instance:SeleniumFramework.LandingDemo@193f604a]" started-at="2023-01-12T19:28:14 IST" name="launchapplication" finished-at="2023-01-12T19:28:19 IST" duration-ms="5297" status="PASS">
          <reporter-output>
          </reporter-output>
        </test-method> <!-- launchapplication -->
        <test-method signature="Submitpurchase(java.util.HashMap)[pri:0, instance:SeleniumFramework.LandingDemo@193f604a]" started-at="2023-01-12T19:28:19 IST" name="Submitpurchase" data-provider="getData" finished-at="2023-01-12T19:28:23 IST" duration-ms="3509" status="PASS">
          <params>
            <param index="0">
              <value>
                <![CDATA[{password=Hello@123, product=ADIDAS ORIGINAL, Email=hai@gmail.com}]]>
              </value>
            </param>
          </params>
          <reporter-output>
          </reporter-output>
        </test-method> <!-- Submitpurchase -->
        <test-method is-config="true" signature="teardown()[pri:0, instance:SeleniumFramework.LandingDemo@193f604a]" started-at="2023-01-12T19:28:23 IST" name="teardown" finished-at="2023-01-12T19:28:23 IST" duration-ms="685" status="PASS">
          <reporter-output>
          </reporter-output>
        </test-method> <!-- teardown -->
        <test-method is-config="true" signature="launchapplication()[pri:0, instance:SeleniumFramework.LandingDemo@193f604a]" started-at="2023-01-12T19:28:23 IST" name="launchapplication" finished-at="2023-01-12T19:28:27 IST" duration-ms="4235" status="PASS">
          <reporter-output>
          </reporter-output>
        </test-method> <!-- launchapplication -->
        <test-method signature="Submitpurchase(java.util.HashMap)[pri:0, instance:SeleniumFramework.LandingDemo@193f604a]" started-at="2023-01-12T19:28:27 IST" name="Submitpurchase" data-provider="getData" finished-at="2023-01-12T19:28:31 IST" duration-ms="3664" status="PASS">
          <params>
            <param index="0">
              <value>
                <![CDATA[{password=Nair@123, product=ZARA COAT 3, Email=nair@yahoo.in}]]>
              </value>
            </param>
          </params>
          <reporter-output>
          </reporter-output>
        </test-method> <!-- Submitpurchase -->
        <test-method is-config="true" signature="teardown()[pri:0, instance:SeleniumFramework.LandingDemo@193f604a]" started-at="2023-01-12T19:28:31 IST" name="teardown" finished-at="2023-01-12T19:28:32 IST" duration-ms="627" status="PASS">
          <reporter-output>
          </reporter-output>
        </test-method> <!-- teardown -->
        <test-method is-config="true" signature="launchapplication()[pri:0, instance:SeleniumFramework.LandingDemo@193f604a]" started-at="2023-01-12T19:28:32 IST" name="launchapplication" finished-at="2023-01-12T19:28:36 IST" duration-ms="4263" status="PASS">
          <reporter-output>
          </reporter-output>
        </test-method> <!-- launchapplication -->
        <test-method signature="Ordersubmit()[pri:0, instance:SeleniumFramework.LandingDemo@193f604a]" started-at="2023-01-12T19:28:36 IST" name="Ordersubmit" finished-at="2023-01-12T19:28:37 IST" depends-on-methods="SeleniumFramework.LandingDemo.Submitpurchase" duration-ms="570" status="PASS">
          <reporter-output>
          </reporter-output>
        </test-method> <!-- Ordersubmit -->
        <test-method is-config="true" signature="teardown()[pri:0, instance:SeleniumFramework.LandingDemo@193f604a]" started-at="2023-01-12T19:28:37 IST" name="teardown" finished-at="2023-01-12T19:28:37 IST" duration-ms="604" status="PASS">
          <reporter-output>
          </reporter-output>
        </test-method> <!-- teardown -->
      </class> <!-- SeleniumFramework.LandingDemo -->
    </test> <!-- Test -->
  </suite> <!-- Suite -->
</testng-results>
