<?xml version="1.0" encoding="UTF-8"?>
<testsuite xmlns:xsi="http://www.w3.org/2001/XMLSchema-instance" xsi:noNamespaceSchemaLocation="https://maven.apache.org/surefire/maven-surefire-plugin/xsd/surefire-test-report-3.0.xsd" version="3.0" name="TestSuite" time="24.277" tests="3" errors="0" skipped="0" failures="0">
  <properties>
[...]
</properties>
  <testcase name="Submitpurchase[{password=Hello@123, product=ADIDAS ORIGINAL, Email=hai@gmail.com}](1)" classname="SeleniumFramework.LandingDemo" time="3.315">
    <system-out><![CDATA[firefox]]></system-out>
    <system-err><![CDATA[SLF4J: No SLF4J providers were found.
SLF4J: Defaulting to no-operation (NOP) logger implementation
SLF4J: See https://www.slf4j.org/codes.html#noProviders for further details.
1673531894738	geckodriver	INFO	Listening on 127.0.0.1:41910
1673531895184	mozrunner::runner	INFO	Running command: "C:\\Program Files\\Mozilla Firefox\\firefox.exe" "--marionette" "--remote-debugging-port" "4849" "--remote-allow-hosts" "localhost" "--remote-allow-origins" "http://127.0.0.1:4849/,http://localhost:4849/,http://[::1]:4849/" "-no-remote" "-profile" "C:\\Users\\Shiva\\AppData\\Local\\Temp\\rust_mozprofilezcP9vd"
1673531895663	Marionette	INFO	Marionette enabled
1673531895669	Marionette	INFO	Listening on port 51192
Read port: 51192
WebDriver BiDi listening on ws://127.0.0.1:4849
1673531895829	RemoteAgent	WARN	TLS certificate errors will be ignored for this session
console.warn: SearchSettings: "get: No settings file exists, new profile?" (new NotFoundError("Could not open the file at C:\\Users\\Shiva\\AppData\\Local\\Temp\\rust_mozprofilezcP9vd\\search.json.mozlz4", (void 0)))
DevTools listening on ws://127.0.0.1:4849/devtools/browser/542aa109-2024-46f0-ae93-c35cb51a1832
JavaScript error: resource://gre/modules/URIFixup.sys.mjs, line 302: NS_ERROR_FAILURE: Should pass a non-null uri
console.warn: LoginRecipes: "Falling back to a synchronous message for: https://rahulshettyacademy.com."
console.warn: LoginRecipes: "Falling back to a synchronous message for: https://rahulshettyacademy.com."
]]></system-err>
  </testcase>
  <testcase name="Submitpurchase[{password=Nair@123, product=ZARA COAT 3, Email=nair@yahoo.in}](2)" classname="SeleniumFramework.LandingDemo" time="3.664">
    <system-out><![CDATA[firefox]]></system-out>
    <system-err><![CDATA[1673531903053	RemoteAgent	INFO	Perform WebSocket upgrade for incoming connection from 127.0.0.1:51228
1673531903057	CDP	ERROR	Invalid browser preferences for CDP. Set "fission.webContentIsolationStrategy"to 0 and "fission.bfcacheInParent" to false before Firefox starts.
1673531903081	Marionette	INFO	Stopped listening on port 51192
1673531903834	geckodriver	INFO	Listening on 127.0.0.1:24831
1673531903870	mozrunner::runner	INFO	Running command: "C:\\Program Files\\Mozilla Firefox\\firefox.exe" "--marionette" "--remote-debugging-port" "27575" "--remote-allow-hosts" "localhost" "--remote-allow-origins" "http://127.0.0.1:27575/,http://localhost:27575/,http://[::1]:27575/" "-no-remote" "-profile" "C:\\Users\\Shiva\\AppData\\Local\\Temp\\rust_mozprofileGaUZBf"
1673531904334	Marionette	INFO	Marionette enabled
1673531904340	Marionette	INFO	Listening on port 51258
Read port: 51258
WebDriver BiDi listening on ws://127.0.0.1:27575
1673531904497	RemoteAgent	WARN	TLS certificate errors will be ignored for this session
console.warn: SearchSettings: "get: No settings file exists, new profile?" (new NotFoundError("Could not open the file at C:\\Users\\Shiva\\AppData\\Local\\Temp\\rust_mozprofileGaUZBf\\search.json.mozlz4", (void 0)))
DevTools listening on ws://127.0.0.1:27575/devtools/browser/6dc15292-13dd-4b65-89c9-0309299a04f8
JavaScript error: resource://gre/modules/URIFixup.sys.mjs, line 302: NS_ERROR_FAILURE: Should pass a non-null uri
console.warn: LoginRecipes: "Falling back to a synchronous message for: https://rahulshettyacademy.com."
console.warn: LoginRecipes: "Falling back to a synchronous message for: https://rahulshettyacademy.com."
]]></system-err>
  </testcase>
  <testcase name="Ordersubmit" classname="SeleniumFramework.LandingDemo" time="0.57">
    <system-out><![CDATA[firefox]]></system-out>
    <system-err><![CDATA[1673531911634	RemoteAgent	INFO	Perform WebSocket upgrade for incoming connection from 127.0.0.1:51293
1673531911638	CDP	ERROR	Invalid browser preferences for CDP. Set "fission.webContentIsolationStrategy"to 0 and "fission.bfcacheInParent" to false before Firefox starts.
1673531911641	Marionette	INFO	Stopped listening on port 51258
1673531912351	geckodriver	INFO	Listening on 127.0.0.1:18515
1673531912390	mozrunner::runner	INFO	Running command: "C:\\Program Files\\Mozilla Firefox\\firefox.exe" "--marionette" "--remote-debugging-port" "5536" "--remote-allow-hosts" "localhost" "--remote-allow-origins" "http://127.0.0.1:5536/,http://localhost:5536/,http://[::1]:5536/" "-no-remote" "-profile" "C:\\Users\\Shiva\\AppData\\Local\\Temp\\rust_mozprofilex9GXvz"
1673531912827	Marionette	INFO	Marionette enabled
1673531912833	Marionette	INFO	Listening on port 51326
Read port: 51326
WebDriver BiDi listening on ws://127.0.0.1:5536
1673531912987	RemoteAgent	WARN	TLS certificate errors will be ignored for this session
console.warn: SearchSettings: "get: No settings file exists, new profile?" (new NotFoundError("Could not open the file at C:\\Users\\Shiva\\AppData\\Local\\Temp\\rust_mozprofilex9GXvz\\search.json.mozlz4", (void 0)))
DevTools listening on ws://127.0.0.1:5536/devtools/browser/ba06dc03-32b1-4263-aee0-d5fb3b9880c8
JavaScript error: resource://gre/modules/URIFixup.sys.mjs, line 302: NS_ERROR_FAILURE: Should pass a non-null uri
console.warn: LoginRecipes: "Falling back to a synchronous message for: https://rahulshettyacademy.com."
console.warn: LoginRecipes: "Falling back to a synchronous message for: https://rahulshettyacademy.com."
]]></system-err>
  </testcase>
</testsuite>