<?xml version="1.0" encoding="UTF-8"?>
<testng-results ignored="0" total="4" passed="3" failed="1" skipped="0">
  <reporter-output>
  </reporter-output>
  <suite started-at="2023-01-13T11:05:03 IST" name="Suite" finished-at="2023-01-13T11:05:45 IST" duration-ms="41865">
    <groups>
      <group name="purchase">
        <method signature="LandingDemo.Submitpurchase(java.util.HashMap)[pri:0, instance:SeleniumFramework.LandingDemo@6392827e]" name="Submitpurchase" class="SeleniumFramework.LandingDemo"/>
      </group> <!-- purchase -->
    </groups>
    <test started-at="2023-01-13T11:05:03 IST" name="Test" finished-at="2023-01-13T11:05:45 IST" duration-ms="41865">
      <class name="SeleniumFramework.LandingDemo">
        <test-method is-config="true" signature="launchapplication()[pri:0, instance:SeleniumFramework.LandingDemo@6392827e]" started-at="2023-01-13T11:05:04 IST" name="launchapplication" finished-at="2023-01-13T11:05:10 IST" duration-ms="6807" status="PASS">
          <reporter-output>
          </reporter-output>
        </test-method> <!-- launchapplication -->
        <test-method signature="Submitpurchase(java.util.HashMap)[pri:0, instance:SeleniumFramework.LandingDemo@6392827e]" started-at="2023-01-13T11:05:10 IST" name="Submitpurchase" data-provider="getData" finished-at="2023-01-13T11:05:14 IST" duration-ms="3987" status="PASS">
          <params>
            <param index="0">
              <value>
                <![CDATA[{password=Hello@123, product=ADIDAS ORIGINAL, Email=hai@gmail.com}]]>
              </value>
            </param>
          </params>
          <reporter-output>
          </reporter-output>
        </test-method> <!-- Submitpurchase -->
        <test-method is-config="true" signature="teardown()[pri:0, instance:SeleniumFramework.LandingDemo@6392827e]" started-at="2023-01-13T11:05:14 IST" name="teardown" finished-at="2023-01-13T11:05:14 IST" duration-ms="106" status="PASS">
          <reporter-output>
          </reporter-output>
        </test-method> <!-- teardown -->
        <test-method is-config="true" signature="launchapplication()[pri:0, instance:SeleniumFramework.LandingDemo@6392827e]" started-at="2023-01-13T11:05:14 IST" name="launchapplication" finished-at="2023-01-13T11:05:18 IST" duration-ms="3320" status="PASS">
          <reporter-output>
          </reporter-output>
        </test-method> <!-- launchapplication -->
        <test-method signature="Submitpurchase(java.util.HashMap)[pri:0, instance:SeleniumFramework.LandingDemo@6392827e]" started-at="2023-01-13T11:05:18 IST" name="Submitpurchase" data-provider="getData" finished-at="2023-01-13T11:05:21 IST" duration-ms="3608" status="PASS">
          <params>
            <param index="0">
              <value>
                <![CDATA[{password=Nair@123, product=ZARA COAT 3, Email=nair@yahoo.in}]]>
              </value>
            </param>
          </params>
          <reporter-output>
          </reporter-output>
        </test-method> <!-- Submitpurchase -->
        <test-method is-config="true" signature="teardown()[pri:0, instance:SeleniumFramework.LandingDemo@6392827e]" started-at="2023-01-13T11:05:21 IST" name="teardown" finished-at="2023-01-13T11:05:38 IST" duration-ms="16187" status="PASS">
          <reporter-output>
          </reporter-output>
        </test-method> <!-- teardown -->
        <test-method is-config="true" signature="launchapplication()[pri:0, instance:SeleniumFramework.LandingDemo@6392827e]" started-at="2023-01-13T11:05:38 IST" name="launchapplication" finished-at="2023-01-13T11:05:40 IST" duration-ms="2331" status="PASS">
          <reporter-output>
          </reporter-output>
        </test-method> <!-- launchapplication -->
        <test-method signature="Ordersubmit()[pri:0, instance:SeleniumFramework.LandingDemo@6392827e]" started-at="2023-01-13T11:05:40 IST" name="Ordersubmit" finished-at="2023-01-13T11:05:41 IST" depends-on-methods="SeleniumFramework.LandingDemo.Submitpurchase" duration-ms="758" status="PASS">
          <reporter-output>
          </reporter-output>
        </test-method> <!-- Ordersubmit -->
        <test-method is-config="true" signature="teardown()[pri:0, instance:SeleniumFramework.LandingDemo@6392827e]" started-at="2023-01-13T11:05:41 IST" name="teardown" finished-at="2023-01-13T11:05:41 IST" duration-ms="69" status="PASS">
          <reporter-output>
          </reporter-output>
        </test-method> <!-- teardown -->
      </class> <!-- SeleniumFramework.LandingDemo -->
      <class name="SeleniumFramework.ErrorValidation">
        <test-method is-config="true" signature="launchapplication()[pri:0, instance:SeleniumFramework.ErrorValidation@59505b48]" started-at="2023-01-13T11:05:41 IST" name="launchapplication" finished-at="2023-01-13T11:05:44 IST" duration-ms="3192" status="PASS">
          <reporter-output>
          </reporter-output>
        </test-method> <!-- launchapplication -->
        <test-method signature="loginErrorValidation()[pri:0, instance:SeleniumFramework.ErrorValidation@59505b48]" started-at="2023-01-13T11:05:44 IST" name="loginErrorValidation" finished-at="2023-01-13T11:05:44 IST" duration-ms="406" status="FAIL">
          <exception class="junit.framework.ComparisonFailure">
            <message>
              <![CDATA[expected:<Incorrect email [/] password.> but was:<Incorrect email [or] password.>]]>
            </message>
            <full-stacktrace>
              <![CDATA[junit.framework.ComparisonFailure: expected:<Incorrect email [/] password.> but was:<Incorrect email [or] password.>
at junit.framework.Assert.assertEquals(Assert.java:100)
at junit.framework.Assert.assertEquals(Assert.java:107)
at SeleniumFramework.ErrorValidation.loginErrorValidation(ErrorValidation.java:15)
at java.base/jdk.internal.reflect.NativeMethodAccessorImpl.invoke0(Native Method)
at java.base/jdk.internal.reflect.NativeMethodAccessorImpl.invoke(NativeMethodAccessorImpl.java:64)
at java.base/jdk.internal.reflect.DelegatingMethodAccessorImpl.invoke(DelegatingMethodAccessorImpl.java:43)
at java.base/java.lang.reflect.Method.invoke(Method.java:564)
at org.testng.internal.MethodInvocationHelper.invokeMethod(MethodInvocationHelper.java:133)
at org.testng.internal.TestInvoker.invokeMethod(TestInvoker.java:598)
at org.testng.internal.TestInvoker.invokeTestMethod(TestInvoker.java:173)
at org.testng.internal.MethodRunner.runInSequence(MethodRunner.java:46)
at org.testng.internal.TestInvoker$MethodInvocationAgent.invoke(TestInvoker.java:824)
at org.testng.internal.TestInvoker.invokeTestMethods(TestInvoker.java:146)
at org.testng.internal.TestMethodWorker.invokeTestMethods(TestMethodWorker.java:146)
at org.testng.internal.TestMethodWorker.run(TestMethodWorker.java:128)
at java.base/java.util.ArrayList.forEach(ArrayList.java:1511)
at org.testng.TestRunner.privateRun(TestRunner.java:794)
at org.testng.TestRunner.run(TestRunner.java:596)
at org.testng.SuiteRunner.runTest(SuiteRunner.java:377)
at org.testng.SuiteRunner.runSequentially(SuiteRunner.java:371)
at org.testng.SuiteRunner.privateRun(SuiteRunner.java:332)
at org.testng.SuiteRunner.run(SuiteRunner.java:276)
at org.testng.SuiteRunnerWorker.runSuite(SuiteRunnerWorker.java:53)
at org.testng.SuiteRunnerWorker.run(SuiteRunnerWorker.java:96)
at org.testng.TestNG.runSuitesSequentially(TestNG.java:1212)
at org.testng.TestNG.runSuitesLocally(TestNG.java:1134)
at org.testng.TestNG.runSuites(TestNG.java:1063)
at org.testng.TestNG.run(TestNG.java:1031)
at org.testng.remote.AbstractRemoteTestNG.run(AbstractRemoteTestNG.java:115)
at org.testng.remote.RemoteTestNG.initAndRun(RemoteTestNG.java:251)
at org.testng.remote.RemoteTestNG.main(RemoteTestNG.java:77)
]]>
            </full-stacktrace>
          </exception> <!-- junit.framework.ComparisonFailure -->
          <reporter-output>
          </reporter-output>
        </test-method> <!-- loginErrorValidation -->
        <test-method is-config="true" signature="teardown()[pri:0, instance:SeleniumFramework.ErrorValidation@59505b48]" started-at="2023-01-13T11:05:45 IST" name="teardown" finished-at="2023-01-13T11:05:45 IST" duration-ms="106" status="PASS">
          <reporter-output>
          </reporter-output>
        </test-method> <!-- teardown -->
      </class> <!-- SeleniumFramework.ErrorValidation -->
    </test> <!-- Test -->
  </suite> <!-- Suite -->
</testng-results>
